[debug] [2026-06-01T04:49:12.365Z] ----------------------------------------------------------------------
[debug] [2026-06-01T04:49:12.367Z] Command:       /opt/homebrew/Cellar/node@22/22.14.0_1/bin/node /Users/seongwoonlee/.npm-global/bin/firebase init hosting
[debug] [2026-06-01T04:49:12.368Z] CLI Version:   15.19.0
[debug] [2026-06-01T04:49:12.368Z] Platform:      darwin
[debug] [2026-06-01T04:49:12.368Z] Node Version:  v22.14.0
[debug] [2026-06-01T04:49:12.368Z] Time:          Mon Jun 01 2026 13:49:12 GMT+0900 (Korean Standard Time)
[debug] [2026-06-01T04:49:12.368Z] ----------------------------------------------------------------------
[debug] 
[info] 
     ######## #### ########  ######## ########     ###     ######  ########
     ##        ##  ##     ## ##       ##     ##  ##   ##  ##       ##
     ######    ##  ########  ######   ########  #########  ######  ######
     ##        ##  ##    ##  ##       ##     ## ##     ##       ## ##
     ##       #### ##     ## ######## ########  ##     ##  ######  ########

You're about to initialize a Firebase project in this directory:

  /Users/seongwoonlee/Documents/GitHub/lunch

Before we get started, keep in mind:

  * You are initializing within an existing Firebase project directory

[info] 
=== Project Setup
[info] 
[info] First, let's associate this project directory with a Firebase project.
[info] You can create multiple project aliases by running firebase use --add, 
[info] 
[debug] [2026-06-01T04:49:13.051Z] > command requires scopes: ["email","openid","https://www.googleapis.com/auth/cloudplatformprojects.readonly","https://www.googleapis.com/auth/firebase","https://www.googleapis.com/auth/cloud-platform"]
[debug] [2026-06-01T04:49:13.051Z] > authorizing via signed-in user (sw0523hi@gmail.com)
[debug] [2026-06-01T04:49:13.051Z] Checked if tokens are valid: true, expires at: 1780290674594
[debug] [2026-06-01T04:49:13.052Z] Checked if tokens are valid: true, expires at: 1780290674594
[debug] [2026-06-01T04:49:13.052Z] >>> [apiv2][query] GET https://firebase.googleapis.com/v1beta1/projects/lunch-89380 [none]
[debug] [2026-06-01T04:49:13.628Z] <<< [apiv2][status] GET https://firebase.googleapis.com/v1beta1/projects/lunch-89380 200
[debug] [2026-06-01T04:49:13.628Z] <<< [apiv2][body] GET https://firebase.googleapis.com/v1beta1/projects/lunch-89380 {"projectId":"lunch-89380","projectNumber":"899951103936","displayName":"lunch","name":"projects/lunch-89380","resources":{"hostingSite":"lunch-89380"},"state":"ACTIVE","etag":"1_47bd14a6-5109-443e-a3e8-5069ce29ad33"}
[info] i  Using project lunch-89380 (lunch) . 
[info] 
=== Hosting Setup
[debug] [2026-06-01T04:49:16.424Z] Checked if tokens are valid: true, expires at: 1780290674594
[debug] [2026-06-01T04:49:16.424Z] Checked if tokens are valid: true, expires at: 1780290674594
[debug] [2026-06-01T04:49:16.424Z] >>> [apiv2][query] GET https://firebase.googleapis.com/v1beta1/projects/lunch-89380 [none]
[debug] [2026-06-01T04:49:16.740Z] <<< [apiv2][status] GET https://firebase.googleapis.com/v1beta1/projects/lunch-89380 200
[debug] [2026-06-01T04:49:16.740Z] <<< [apiv2][body] GET https://firebase.googleapis.com/v1beta1/projects/lunch-89380 {"projectId":"lunch-89380","projectNumber":"899951103936","displayName":"lunch","name":"projects/lunch-89380","resources":{"hostingSite":"lunch-89380"},"state":"ACTIVE","etag":"1_47bd14a6-5109-443e-a3e8-5069ce29ad33"}
[info] 
[info] Your public directory is the folder (relative to your project directory) that
[info] will contain Hosting assets to be uploaded with firebase deploy. If you
[info] have a build process for your assets, use your build's output directory.
[info] 
[debug] [2026-06-01T04:49:46.178Z] ExitPromptError: User force closed the prompt with SIGINT
    at Interface.sigint (/Users/seongwoonlee/.npm-global/lib/node_modules/firebase-tools/node_modules/@inquirer/core/dist/commonjs/lib/create-prompt.js:101:37)
    at Interface.emit (node:events:518:28)
    at [_ttyWrite] [as _ttyWrite] (node:internal/readline/interface:1124:18)
    at ReadStream.onkeypress (node:internal/readline/interface:263:20)
    at ReadStream.emit (node:events:530:35)
    at emitKeys (node:internal/readline/utils:370:14)
    at emitKeys.next (<anonymous>)
    at ReadStream.onData (node:internal/readline/emitKeypressEvents:64:36)
    at ReadStream.emit (node:events:518:28)
    at addChunk (node:internal/streams/readable:561:12)
[error] 
[error] Error: An unexpected error has occurred.
